<?xml version="1.0" encoding="UTF-8"?>
<!-- Generated by org.testng.reporters.JUnitReportReporter -->
<testsuite hostname="ApurvaNaik42" failures="0" tests="2" name="Tests.Test2" time="0.000" errors="0" timestamp="2024-05-25T16:01:31 IST" skipped="0">
  <testcase classname="Tests.Test2" name="Demo" time="0.000"/>
  <testcase classname="Tests.Test2" name="Demo1" time="0.000"/>
</testsuite> <!-- Tests.Test2 -->
