<?xml version="1.0" encoding="UTF-8"?>
<!-- Generated by org.testng.reporters.JUnitReportReporter -->
<testsuite hostname="ApurvaNaik42" failures="0" tests="1" name="Tests.productCartTest" time="4.056" errors="0" timestamp="2024-05-25T16:02:55 IST" skipped="0">
  <testcase classname="Tests.productCartTest" name="addProduct" time="4.056"/>
</testsuite> <!-- Tests.productCartTest -->
