<?xml version="1.0" encoding="UTF-8"?>
<!-- Generated by org.testng.reporters.JUnitReportReporter -->
<testsuite hostname="ApurvaNaik42" failures="0" tests="1" name="Tests.ExtentReportDemoTest" time="2.839" errors="0" timestamp="2024-05-05T13:05:04 IST" skipped="0">
  <testcase classname="Tests.ExtentReportDemoTest" name="launchApplication" time="2.839"/>
</testsuite> <!-- Tests.ExtentReportDemoTest -->
