<?xml version="1.0" encoding="UTF-8"?>
<!-- Generated by org.testng.reporters.JUnitReportReporter -->
<testsuite hostname="ApurvaNaik42" failures="0" tests="1" name="Tests.ErrorValidationTest" time="1.044" errors="0" timestamp="2024-05-05T13:45:14 IST" skipped="0">
  <testcase classname="Tests.ErrorValidationTest" name="invalidLoginDetails" time="1.044"/>
</testsuite> <!-- Tests.ErrorValidationTest -->
