<?xml version="1.0" encoding="UTF-8"?>
<!-- Generated by org.testng.reporters.JUnitReportReporter -->
<testsuite hostname="ApurvaNaik42" failures="0" tests="1" name="Tests.ErrorValidationTest" time="0.988" errors="0" timestamp="2024-05-25T16:02:55 IST" skipped="0">
  <testcase classname="Tests.ErrorValidationTest" name="invalidLoginDetails" time="0.988"/>
</testsuite> <!-- Tests.ErrorValidationTest -->
